error: api/rest type is missing required serde derives: Serialize, Deserialize (DE0203)
  --> $DIR/missing_serde.rs:4:1
   |
LL | / pub struct UserDto {
LL | |     pub id: String,
LL | | }
   | |_^
   |
   = help: DTOs in api/rest must derive both Serialize and Deserialize
   = note: `#[deny(de0203_dtos_must_have_serde_derives)]` on by default

error: api/rest type is missing required serde derives: Serialize, Deserialize (DE0203)
  --> $DIR/missing_serde.rs:10:1
   |
LL | / pub struct ProductDto {
LL | |     pub name: String,
LL | | }
   | |_^
   |
   = help: DTOs in api/rest must derive both Serialize and Deserialize

error: aborting due to 2 previous errors

