error: contract type should not derive `Serialize` (DE0101)
  --> $DIR/serialize.rs:4:5
   |
LL |     #[derive(Debug, Clone, Serialize)]
   |     ^^^^^^^^^^^^^^^^^^^^^^^^^^^^^^^^^^
   |
   = help: remove serde derives from contract models; use DTOs in the API layer
   = note: `#[deny(de0101_no_serde_in_contract)]` on by default

error: contract type should not derive `Serialize` (DE0101)
  --> $DIR/serialize.rs:10:5
   |
LL |     #[derive(Debug, Clone, Serialize)]
   |     ^^^^^^^^^^^^^^^^^^^^^^^^^^^^^^^^^^
   |
   = help: remove serde derives from contract models; use DTOs in the API layer

error: contract type should not derive `Serialize` (DE0101)
  --> $DIR/serialize.rs:16:5
   |
LL |     #[derive(Debug, Clone, Serialize)]
   |     ^^^^^^^^^^^^^^^^^^^^^^^^^^^^^^^^^^
   |
   = help: remove serde derives from contract models; use DTOs in the API layer

error: aborting due to 3 previous errors

