error: potential hardcoded secret detected (DE0703)
  --> $DIR/bad_hardcoded_secrets.rs:5:22
   |
LL |     let stripe_key = "sk_live_51H1234567890abcdef";
   |                      ^^^^^^^^^^^^^^^^^^^^^^^^^^^^^
   |
   = help: load secrets from environment variables (std::env::var) or configuration files
   = note: hardcoded secrets are a security risk and should never be committed to version control
   = note: `#[deny(de0703_no_hardcoded_secrets)]` on by default

error: potential hardcoded secret detected (DE0703)
  --> $DIR/bad_hardcoded_secrets.rs:8:24
   |
LL |     let github_token = "ghp_1234567890abcdefghijklmnopqrstuv";
   |                        ^^^^^^^^^^^^^^^^^^^^^^^^^^^^^^^^^^^^^^
   |
   = help: load secrets from environment variables (std::env::var) or configuration files
   = note: hardcoded secrets are a security risk and should never be committed to version control

error: potential hardcoded secret detected (DE0703)
  --> $DIR/bad_hardcoded_secrets.rs:11:19
   |
LL |     let aws_key = "AKIAIOSFODNN7EXAMPLE";
   |                   ^^^^^^^^^^^^^^^^^^^^^^
   |
   = help: load secrets from environment variables (std::env::var) or configuration files
   = note: hardcoded secrets are a security risk and should never be committed to version control

error: potential hardcoded secret detected (DE0703)
  --> $DIR/bad_hardcoded_secrets.rs:16:20
   |
LL |     let password = "password=MySecretP@ssw0rd123";
   |                    ^^^^^^^^^^^^^^^^^^^^^^^^^^^^^^
   |
   = help: load secrets from environment variables (std::env::var) or configuration files
   = note: hardcoded secrets are a security risk and should never be committed to version control

error: potential hardcoded secret detected (DE0703)
  --> $DIR/bad_hardcoded_secrets.rs:19:19
   |
LL |     let api_key = "api_key=abc123def456ghi789jkl";
   |                   ^^^^^^^^^^^^^^^^^^^^^^^^^^^^^^^
   |
   = help: load secrets from environment variables (std::env::var) or configuration files
   = note: hardcoded secrets are a security risk and should never be committed to version control

error: potential hardcoded secret detected (DE0703)
  --> $DIR/bad_hardcoded_secrets.rs:22:18
   |
LL |     let secret = "secret=TopSecretValue2024!";
   |                  ^^^^^^^^^^^^^^^^^^^^^^^^^^^^
   |
   = help: load secrets from environment variables (std::env::var) or configuration files
   = note: hardcoded secrets are a security risk and should never be committed to version control

error: potential hardcoded secret detected (DE0703)
  --> $DIR/bad_hardcoded_secrets.rs:27:17
   |
LL |     let token = "AbC123XyZ789MnO456PqR";
   |                 ^^^^^^^^^^^^^^^^^^^^^^^
   |
   = help: load secrets from environment variables (std::env::var) or configuration files
   = note: hardcoded secrets are a security risk and should never be committed to version control

error: potential hardcoded secret detected (DE0703)
  --> $DIR/bad_hardcoded_secrets.rs:32:22
   |
LL |     let google_key = "AIzaSyDaGmWKa4JsXZ-HjGw7ISLn_3namBGewQe";
   |                      ^^^^^^^^^^^^^^^^^^^^^^^^^^^^^^^^^^^^^^^^^
   |
   = help: load secrets from environment variables (std::env::var) or configuration files
   = note: hardcoded secrets are a security risk and should never be committed to version control

error: potential hardcoded secret detected (DE0703)
  --> $DIR/bad_hardcoded_secrets.rs:35:24
   |
LL |     let google_oauth = "ya29.a0AfH6SMBx8gK9...";
   |                        ^^^^^^^^^^^^^^^^^^^^^^^^
   |
   = help: load secrets from environment variables (std::env::var) or configuration files
   = note: hardcoded secrets are a security risk and should never be committed to version control

error: potential hardcoded secret detected (DE0703)
  --> $DIR/bad_hardcoded_secrets.rs:40:16
   |
LL |     let cred = "credential=MySecureToken123";
   |                ^^^^^^^^^^^^^^^^^^^^^^^^^^^^^
   |
   = help: load secrets from environment variables (std::env::var) or configuration files
   = note: hardcoded secrets are a security risk and should never be committed to version control

error: potential hardcoded secret detected (DE0703)
  --> $DIR/bad_hardcoded_secrets.rs:43:16
   |
LL |     let auth = "auth=Bearer_Token_12345";
   |                ^^^^^^^^^^^^^^^^^^^^^^^^^
   |
   = help: load secrets from environment variables (std::env::var) or configuration files
   = note: hardcoded secrets are a security risk and should never be committed to version control

error: aborting due to 11 previous errors

