warning: potential secret detected in migration file (DE0409)
  --> $DIR/bad_migration_secrets.rs:6:16
   |
LL |     let _sql = "INSERT INTO users (name, password='secret123') VALUES ('admin')";
   |                ^^^^^^^^^^^^^^^^^^^^^^^^^^^^^^^^^^^^^^^^^^^^^^^^^^^^^^^^^^^^^^^^^
   |
   = help: load secrets from environment variables or use parameterized queries
   = note: migration files are committed to version control and may be shared
   = note: `#[warn(de0409_no_secrets_in_migrations)]` on by default

warning: potential secret detected in migration file (DE0409)
  --> $DIR/bad_migration_secrets.rs:11:19
   |
LL |     let _config = "api_key=sk_live_1234567890abcdef";
   |                   ^^^^^^^^^^^^^^^^^^^^^^^^^^^^^^^^^^
   |
   = help: load secrets from environment variables or use parameterized queries
   = note: migration files are committed to version control and may be shared

warning: potential secret detected in migration file (DE0409)
  --> $DIR/bad_migration_secrets.rs:16:17
   |
LL |     let _conn = "postgres://user:password@localhost:5432/db";
   |                 ^^^^^^^^^^^^^^^^^^^^^^^^^^^^^^^^^^^^^^^^^^^^
   |
   = help: load secrets from environment variables or use parameterized queries
   = note: migration files are committed to version control and may be shared

warning: 3 warnings emitted

